/mnt/e/Hackathon2_todo_app/phase-III/backend/src/main.py:45: DeprecationWarning: 
        on_event is deprecated, use lifespan event handlers instead.

        Read more about it in the
        [FastAPI docs for Lifespan Events](https://fastapi.tiangolo.com/advanced/events/).
        
  @app.on_event("startup")
INFO:     Started server process [3470]
INFO:     Waiting for application startup.
INFO:__main__:Initializing database...
2026-02-02 16:19:01,329 INFO sqlalchemy.engine.Engine BEGIN (implicit)
INFO:sqlalchemy.engine.Engine:BEGIN (implicit)
2026-02-02 16:19:01,333 INFO sqlalchemy.engine.Engine PRAGMA main.table_info("users")
INFO:sqlalchemy.engine.Engine:PRAGMA main.table_info("users")
2026-02-02 16:19:01,336 INFO sqlalchemy.engine.Engine [raw sql] ()
INFO:sqlalchemy.engine.Engine:[raw sql] ()
2026-02-02 16:19:01,349 INFO sqlalchemy.engine.Engine PRAGMA main.table_info("task")
INFO:sqlalchemy.engine.Engine:PRAGMA main.table_info("task")
2026-02-02 16:19:01,352 INFO sqlalchemy.engine.Engine [raw sql] ()
INFO:sqlalchemy.engine.Engine:[raw sql] ()
2026-02-02 16:19:01,357 INFO sqlalchemy.engine.Engine PRAGMA main.table_info("healthstatus")
INFO:sqlalchemy.engine.Engine:PRAGMA main.table_info("healthstatus")
2026-02-02 16:19:01,359 INFO sqlalchemy.engine.Engine [raw sql] ()
INFO:sqlalchemy.engine.Engine:[raw sql] ()
2026-02-02 16:19:01,366 INFO sqlalchemy.engine.Engine PRAGMA main.table_info("conversation")
INFO:sqlalchemy.engine.Engine:PRAGMA main.table_info("conversation")
2026-02-02 16:19:01,367 INFO sqlalchemy.engine.Engine [raw sql] ()
INFO:sqlalchemy.engine.Engine:[raw sql] ()
2026-02-02 16:19:01,372 INFO sqlalchemy.engine.Engine PRAGMA main.table_info("message")
INFO:sqlalchemy.engine.Engine:PRAGMA main.table_info("message")
2026-02-02 16:19:01,374 INFO sqlalchemy.engine.Engine [raw sql] ()
INFO:sqlalchemy.engine.Engine:[raw sql] ()
2026-02-02 16:19:01,380 INFO sqlalchemy.engine.Engine COMMIT
INFO:sqlalchemy.engine.Engine:COMMIT
INFO:__main__:Database initialized.
INFO:     Application startup complete.
ERROR:    [Errno 98] error while attempting to bind on address ('0.0.0.0', 8000): address already in use
INFO:     Waiting for application shutdown.
INFO:     Application shutdown complete.
